#-----------------------------------------------------------
# Vivado v2013.4 (64-bit)
# SW Build 353583 on Mon Dec  9 17:26:26 MST 2013
# IP Build 208076 on Mon Dec  2 12:38:17 MST 2013
# Start of session at: Thu Jul 17 16:44:50 2014
# Process ID: 9407
# Log file: /home/ee/s/sf306/AXIM_snooper/vivado.log
# Journal file: /home/ee/s/sf306/AXIM_snooper/vivado.jou
#-----------------------------------------------------------
Attempting to get a license: Implementation
Feature available: Implementation
Loading parts and site information from /mnt/cas_nfs/applications/Xilinx/Vivado/2013.4/data/parts/arch.xml
Parsing RTL primitives file [/mnt/cas_nfs/applications/Xilinx/Vivado/2013.4/data/parts/xilinx/rtl/prims/rtl_prims.xml]
Finished parsing RTL primitives file [/mnt/cas_nfs/applications/Xilinx/Vivado/2013.4/data/parts/xilinx/rtl/prims/rtl_prims.xml]
start_gui
open_project /home/ee/s/sf306/AXIM_snooper/managed_ip_project/edit_axim_snooper_v1_0.xpr
INFO: [Project 1-313] Project file moved from '/home/ee/s/sf306/AXIM_snoop/managed_ip_project' since last save.
Scanning sources...
Finished scanning sources
ERROR: [Common 17-132] XML syntax error: Invalid XML token (/home/ee/s/sf306/AXIM_snooper/managed_ip_project/edit_axim_snooper_v1_0.data/runs/runs.xml:3)
open_project: Time (s): cpu = 00:00:05 ; elapsed = 00:00:23 . Memory (MB): peak = 4870.359 ; gain = 0.000
exit
INFO: [Common 17-206] Exiting Vivado at Thu Jul 17 16:47:25 2014...
