
*** Running vivado
    with args -log axim_snooper_v1_0.rds -m64 -mode batch -messageDb vivado.pb -source axim_snooper_v1_0.tcl


****** Vivado v2013.4 (64-bit)
  **** SW Build 353583 on Mon Dec  9 17:26:26 MST 2013
  **** IP Build 208076 on Mon Dec  2 12:38:17 MST 2013
    ** Copyright 1986-1999, 2001-2013 Xilinx, Inc. All Rights Reserved.

Attempting to get a license: Implementation
Feature available: Implementation
Loading parts and site information from /mnt/cas_nfs/applications/Xilinx/Vivado/2013.4/data/parts/arch.xml
Parsing RTL primitives file [/mnt/cas_nfs/applications/Xilinx/Vivado/2013.4/data/parts/xilinx/rtl/prims/rtl_prims.xml]
Finished parsing RTL primitives file [/mnt/cas_nfs/applications/Xilinx/Vivado/2013.4/data/parts/xilinx/rtl/prims/rtl_prims.xml]
source axim_snooper_v1_0.tcl
# set_param gui.test TreeTableDev
# set_msg_config -id {HDL 9-1061} -limit 100000
# set_msg_config -id {HDL 9-1654} -limit 100000
# create_project -in_memory -part xc7z020clg484-1
# set_property target_language Verilog [current_project]
# set_param project.compositeFile.enableAutoGeneration 0
# set_property ip_repo_paths /home/ee/s/sf306/AXIM_snooper/AXIM_snoop/axim_snooper_1.0 [current_fileset]
# read_vhdl {
#   /home/ee/s/sf306/AXIM_snooper/AXIM_snoop/axim_snooper_1.0/hdl/axim_snooper_v1_0_S00_AXI.vhd
#   /home/ee/s/sf306/AXIM_snooper/AXIM_snoop/axim_snooper_1.0/hdl/axim_snooper_v1_0.vhd
# }
# set_param synth.vivado.isSynthRun true
# set_property webtalk.parent_dir /home/ee/s/sf306/AXIM_snooper/managed_ip_project/edit_axim_snooper_v1_0.data/wt [current_project]
# set_property parent.project_dir /home/ee/s/sf306/AXIM_snooper/managed_ip_project [current_project]
# synth_design -top axim_snooper_v1_0 -part xc7z020clg484-1
Command: synth_design -top axim_snooper_v1_0 -part xc7z020clg484-1

Starting synthesis...

Attempting to get a license for feature 'Synthesis' and/or device 'xc7z020'
INFO: [Common 17-349] Got license for feature 'Synthesis' and/or device 'xc7z020'
---------------------------------------------------------------------------------
Starting Synthesize : Time (s): cpu = 00:00:06 ; elapsed = 00:00:06 . Memory (MB): peak = 776.648 ; gain = 147.391
---------------------------------------------------------------------------------
<<<<<<< HEAD
INFO: [Synth 8-638] synthesizing module 'axim_snooper_v1_0' [/home/sf306/phd_codebase/github/AXIM_snooper/AXIM_snoop/axim_snooper_1.0/hdl/axim_snooper_v1_0.vhd:108]
	Parameter C_S01_AXI_DATA_WIDTH bound to: 32 - type: integer 
	Parameter C_S01_AXI_ADDR_WIDTH bound to: 32 - type: integer 
	Parameter C_M00_AXI_DATA_WIDTH bound to: 32 - type: integer 
	Parameter C_M00_AXI_ADDR_WIDTH bound to: 32 - type: integer 
=======
INFO: [Synth 8-638] synthesizing module 'axim_snooper_v1_0' [/home/ee/s/sf306/AXIM_snooper/AXIM_snoop/axim_snooper_1.0/hdl/axim_snooper_v1_0.vhd:57]
>>>>>>> a848978898c7905b8ca4f9a54e2c368b97c615b1
	Parameter C_S00_AXI_DATA_WIDTH bound to: 32 - type: integer 
	Parameter C_S00_AXI_ADDR_WIDTH bound to: 32 - type: integer 
	Parameter C_S_AXI_DATA_WIDTH bound to: 32 - type: integer 
<<<<<<< HEAD
	Parameter C_S_AXI_ADDR_WIDTH bound to: 32 - type: integer 
INFO: [Synth 8-3491] module 'axim_snooper_v1_0_S00_AXI' declared at '/home/sf306/phd_codebase/github/AXIM_snooper/AXIM_snoop/axim_snooper_1.0/hdl/axim_snooper_v1_0_S00_AXI.vhd:7' bound to instance 'axim_snooper_v1_0_S00_AXI_inst' of component 'axim_snooper_v1_0_S00_AXI' [/home/sf306/phd_codebase/github/AXIM_snooper/AXIM_snoop/axim_snooper_1.0/hdl/axim_snooper_v1_0.vhd:170]
INFO: [Synth 8-638] synthesizing module 'axim_snooper_v1_0_S00_AXI__parameterized0' [/home/sf306/phd_codebase/github/AXIM_snooper/AXIM_snoop/axim_snooper_1.0/hdl/axim_snooper_v1_0_S00_AXI.vhd:91]
	Parameter C_S_AXI_DATA_WIDTH bound to: 32 - type: integer 
	Parameter C_S_AXI_ADDR_WIDTH bound to: 32 - type: integer 
INFO: [Synth 8-226] default block is never used [/home/sf306/phd_codebase/github/AXIM_snooper/AXIM_snoop/axim_snooper_1.0/hdl/axim_snooper_v1_0_S00_AXI.vhd:253]
INFO: [Synth 8-226] default block is never used [/home/sf306/phd_codebase/github/AXIM_snooper/AXIM_snoop/axim_snooper_1.0/hdl/axim_snooper_v1_0_S00_AXI.vhd:386]
INFO: [Synth 8-256] done synthesizing module 'axim_snooper_v1_0_S00_AXI__parameterized0' (1#1) [/home/sf306/phd_codebase/github/AXIM_snooper/AXIM_snoop/axim_snooper_1.0/hdl/axim_snooper_v1_0_S00_AXI.vhd:91]
WARNING: [Synth 8-3848] Net m00_axi_error in module/entity axim_snooper_v1_0 does not have driver. [/home/sf306/phd_codebase/github/AXIM_snooper/AXIM_snoop/axim_snooper_1.0/hdl/axim_snooper_v1_0.vhd:59]
WARNING: [Synth 8-3848] Net m00_axi_txn_done in module/entity axim_snooper_v1_0 does not have driver. [/home/sf306/phd_codebase/github/AXIM_snooper/AXIM_snoop/axim_snooper_1.0/hdl/axim_snooper_v1_0.vhd:60]
INFO: [Synth 8-256] done synthesizing module 'axim_snooper_v1_0' (2#1) [/home/sf306/phd_codebase/github/AXIM_snooper/AXIM_snoop/axim_snooper_1.0/hdl/axim_snooper_v1_0.vhd:108]
WARNING: [Synth 8-3331] design axim_snooper_v1_0 has unconnected port m00_axi_error
WARNING: [Synth 8-3331] design axim_snooper_v1_0 has unconnected port m00_axi_txn_done
WARNING: [Synth 8-3331] design axim_snooper_v1_0 has unconnected port s01_axi_aclk
WARNING: [Synth 8-3331] design axim_snooper_v1_0 has unconnected port s01_axi_aresetn
WARNING: [Synth 8-3331] design axim_snooper_v1_0 has unconnected port m00_axi_init_axi_txn
WARNING: [Synth 8-3331] design axim_snooper_v1_0 has unconnected port m00_axi_aclk
WARNING: [Synth 8-3331] design axim_snooper_v1_0 has unconnected port m00_axi_aresetn
=======
	Parameter C_S_AXI_ADDR_WIDTH bound to: 4 - type: integer 
INFO: [Synth 8-3491] module 'axim_snooper_v1_0_S00_AXI' declared at '/home/ee/s/sf306/AXIM_snooper/AXIM_snoop/axim_snooper_1.0/hdl/axim_snooper_v1_0_S00_AXI.vhd:7' bound to instance 'axim_snooper_v1_0_S00_AXI_inst' of component 'axim_snooper_v1_0_S00_AXI' [/home/ee/s/sf306/AXIM_snooper/AXIM_snoop/axim_snooper_1.0/hdl/axim_snooper_v1_0.vhd:112]
INFO: [Synth 8-638] synthesizing module 'axim_snooper_v1_0_S00_AXI__parameterized0' [/home/ee/s/sf306/AXIM_snooper/AXIM_snoop/axim_snooper_1.0/hdl/axim_snooper_v1_0_S00_AXI.vhd:91]
	Parameter C_S_AXI_DATA_WIDTH bound to: 32 - type: integer 
	Parameter C_S_AXI_ADDR_WIDTH bound to: 4 - type: integer 
INFO: [Synth 8-226] default block is never used [/home/ee/s/sf306/AXIM_snooper/AXIM_snoop/axim_snooper_1.0/hdl/axim_snooper_v1_0_S00_AXI.vhd:253]
INFO: [Synth 8-226] default block is never used [/home/ee/s/sf306/AXIM_snooper/AXIM_snoop/axim_snooper_1.0/hdl/axim_snooper_v1_0_S00_AXI.vhd:386]
INFO: [Synth 8-256] done synthesizing module 'axim_snooper_v1_0_S00_AXI__parameterized0' (1#1) [/home/ee/s/sf306/AXIM_snooper/AXIM_snoop/axim_snooper_1.0/hdl/axim_snooper_v1_0_S00_AXI.vhd:91]
INFO: [Synth 8-256] done synthesizing module 'axim_snooper_v1_0' (2#1) [/home/ee/s/sf306/AXIM_snooper/AXIM_snoop/axim_snooper_1.0/hdl/axim_snooper_v1_0.vhd:57]
>>>>>>> a848978898c7905b8ca4f9a54e2c368b97c615b1
---------------------------------------------------------------------------------
Finished Synthesize : Time (s): cpu = 00:00:06 ; elapsed = 00:00:07 . Memory (MB): peak = 812.469 ; gain = 183.211
---------------------------------------------------------------------------------

---------------------------------------------------------------------------------
Start RTL Optimization
---------------------------------------------------------------------------------
---------------------------------------------------------------------------------
<<<<<<< HEAD
Finished RTL Optimization : Time (s): cpu = 00:00:04 ; elapsed = 00:00:04 . Memory (MB): peak = 803.426 ; gain = 183.211
=======
Finished RTL Optimization : Time (s): cpu = 00:00:06 ; elapsed = 00:00:07 . Memory (MB): peak = 812.469 ; gain = 183.211
>>>>>>> a848978898c7905b8ca4f9a54e2c368b97c615b1
---------------------------------------------------------------------------------

WARNING: [Synth 8-3848] Net m00_axi_error in module/entity axim_snooper_v1_0 does not have driver. [/home/sf306/phd_codebase/github/AXIM_snooper/AXIM_snoop/axim_snooper_1.0/hdl/axim_snooper_v1_0.vhd:59]
WARNING: [Synth 8-3848] Net m00_axi_txn_done in module/entity axim_snooper_v1_0 does not have driver. [/home/sf306/phd_codebase/github/AXIM_snooper/AXIM_snoop/axim_snooper_1.0/hdl/axim_snooper_v1_0.vhd:60]

Report RTL Partitions: 
+-+--------------+------------+----------+
| |RTL Partition |Replication |Instances |
+-+--------------+------------+----------+
+-+--------------+------------+----------+

---------------------------------------------------------------------------------
Start Loading Part and Timing Information
---------------------------------------------------------------------------------
Loading part: xc7z020clg484-1
Loading clock regions from /mnt/cas_nfs/applications/Xilinx/Vivado/2013.4/data/parts/xilinx/zynq/zynq/xc7z020/ClockRegion.xml
Loading clock buffers from /mnt/cas_nfs/applications/Xilinx/Vivado/2013.4/data/parts/xilinx/zynq/zynq/xc7z020/ClockBuffers.xml
Loading clock placement rules from /mnt/cas_nfs/applications/Xilinx/Vivado/2013.4/data/parts/xilinx/zynq/ClockPlacerRules.xml
Loading package pin functions from /mnt/cas_nfs/applications/Xilinx/Vivado/2013.4/data/parts/xilinx/zynq/PinFunctions.xml...
Loading package from /mnt/cas_nfs/applications/Xilinx/Vivado/2013.4/data/parts/xilinx/zynq/zynq/xc7z020/clg484/Package.xml
Loading io standards from /mnt/cas_nfs/applications/Xilinx/Vivado/2013.4/data/./parts/xilinx/zynq/IOStandards.xml
Part Resources:
DSPs: 220 (col length:60)
BRAMs: 280 (col length: RAMB18 60 RAMB36 30)
---------------------------------------------------------------------------------
<<<<<<< HEAD
Finished Loading Part and Timing Information : Time (s): cpu = 00:00:13 ; elapsed = 00:00:15 . Memory (MB): peak = 1090.047 ; gain = 469.832
=======
Finished Loading Part and Timing Information : Time (s): cpu = 00:00:22 ; elapsed = 00:00:23 . Memory (MB): peak = 1099.086 ; gain = 469.828
>>>>>>> a848978898c7905b8ca4f9a54e2c368b97c615b1
---------------------------------------------------------------------------------

No constraint files found.

---------------------------------------------------------------------------------
Start RTL Component Statistics 
---------------------------------------------------------------------------------
Detailed RTL Component Info : 
+---Registers : 
	               32 Bit    Registers := 7     
	                2 Bit    Registers := 2     
	                1 Bit    Registers := 5     
+---Muxes : 
	   2 Input     32 Bit        Muxes := 1     
	   2 Input      1 Bit        Muxes := 6     

---------------------------------------------------------------------------------
Finished RTL Component Statistics 
---------------------------------------------------------------------------------

---------------------------------------------------------------------------------
Start RTL Hierarchical Component Statistics 
---------------------------------------------------------------------------------
Hierarchical RTL Component report 
Module axim_snooper_v1_0 
Detailed RTL Component Info : 
Module axim_snooper_v1_0_S00_AXI__parameterized0 
Detailed RTL Component Info : 
+---Registers : 
	               32 Bit    Registers := 7     
	                2 Bit    Registers := 2     
	                1 Bit    Registers := 5     
+---Muxes : 
	   2 Input     32 Bit        Muxes := 1     
	   2 Input      1 Bit        Muxes := 6     

---------------------------------------------------------------------------------
Finished RTL Hierarchical Component Statistics
---------------------------------------------------------------------------------

---------------------------------------------------------------------------------
Start Cross Boundary Optimization
---------------------------------------------------------------------------------
WARNING: [Synth 8-3332] Sequential element (\axim_snooper_v1_0_S00_AXI_inst/axi_awaddr_reg[31] ) is unused and will be removed from module axim_snooper_v1_0.
WARNING: [Synth 8-3332] Sequential element (\axim_snooper_v1_0_S00_AXI_inst/axi_awaddr_reg[30] ) is unused and will be removed from module axim_snooper_v1_0.
WARNING: [Synth 8-3332] Sequential element (\axim_snooper_v1_0_S00_AXI_inst/axi_awaddr_reg[29] ) is unused and will be removed from module axim_snooper_v1_0.
WARNING: [Synth 8-3332] Sequential element (\axim_snooper_v1_0_S00_AXI_inst/axi_awaddr_reg[28] ) is unused and will be removed from module axim_snooper_v1_0.
WARNING: [Synth 8-3332] Sequential element (\axim_snooper_v1_0_S00_AXI_inst/axi_awaddr_reg[27] ) is unused and will be removed from module axim_snooper_v1_0.
WARNING: [Synth 8-3332] Sequential element (\axim_snooper_v1_0_S00_AXI_inst/axi_awaddr_reg[26] ) is unused and will be removed from module axim_snooper_v1_0.
WARNING: [Synth 8-3332] Sequential element (\axim_snooper_v1_0_S00_AXI_inst/axi_awaddr_reg[25] ) is unused and will be removed from module axim_snooper_v1_0.
WARNING: [Synth 8-3332] Sequential element (\axim_snooper_v1_0_S00_AXI_inst/axi_awaddr_reg[24] ) is unused and will be removed from module axim_snooper_v1_0.
WARNING: [Synth 8-3332] Sequential element (\axim_snooper_v1_0_S00_AXI_inst/axi_awaddr_reg[23] ) is unused and will be removed from module axim_snooper_v1_0.
WARNING: [Synth 8-3332] Sequential element (\axim_snooper_v1_0_S00_AXI_inst/axi_awaddr_reg[22] ) is unused and will be removed from module axim_snooper_v1_0.
WARNING: [Synth 8-3332] Sequential element (\axim_snooper_v1_0_S00_AXI_inst/axi_awaddr_reg[21] ) is unused and will be removed from module axim_snooper_v1_0.
WARNING: [Synth 8-3332] Sequential element (\axim_snooper_v1_0_S00_AXI_inst/axi_awaddr_reg[20] ) is unused and will be removed from module axim_snooper_v1_0.
WARNING: [Synth 8-3332] Sequential element (\axim_snooper_v1_0_S00_AXI_inst/axi_awaddr_reg[19] ) is unused and will be removed from module axim_snooper_v1_0.
WARNING: [Synth 8-3332] Sequential element (\axim_snooper_v1_0_S00_AXI_inst/axi_awaddr_reg[18] ) is unused and will be removed from module axim_snooper_v1_0.
WARNING: [Synth 8-3332] Sequential element (\axim_snooper_v1_0_S00_AXI_inst/axi_awaddr_reg[17] ) is unused and will be removed from module axim_snooper_v1_0.
WARNING: [Synth 8-3332] Sequential element (\axim_snooper_v1_0_S00_AXI_inst/axi_awaddr_reg[16] ) is unused and will be removed from module axim_snooper_v1_0.
WARNING: [Synth 8-3332] Sequential element (\axim_snooper_v1_0_S00_AXI_inst/axi_awaddr_reg[15] ) is unused and will be removed from module axim_snooper_v1_0.
WARNING: [Synth 8-3332] Sequential element (\axim_snooper_v1_0_S00_AXI_inst/axi_awaddr_reg[14] ) is unused and will be removed from module axim_snooper_v1_0.
WARNING: [Synth 8-3332] Sequential element (\axim_snooper_v1_0_S00_AXI_inst/axi_awaddr_reg[13] ) is unused and will be removed from module axim_snooper_v1_0.
WARNING: [Synth 8-3332] Sequential element (\axim_snooper_v1_0_S00_AXI_inst/axi_awaddr_reg[12] ) is unused and will be removed from module axim_snooper_v1_0.
WARNING: [Synth 8-3332] Sequential element (\axim_snooper_v1_0_S00_AXI_inst/axi_awaddr_reg[11] ) is unused and will be removed from module axim_snooper_v1_0.
WARNING: [Synth 8-3332] Sequential element (\axim_snooper_v1_0_S00_AXI_inst/axi_awaddr_reg[10] ) is unused and will be removed from module axim_snooper_v1_0.
WARNING: [Synth 8-3332] Sequential element (\axim_snooper_v1_0_S00_AXI_inst/axi_awaddr_reg[9] ) is unused and will be removed from module axim_snooper_v1_0.
WARNING: [Synth 8-3332] Sequential element (\axim_snooper_v1_0_S00_AXI_inst/axi_awaddr_reg[8] ) is unused and will be removed from module axim_snooper_v1_0.
WARNING: [Synth 8-3332] Sequential element (\axim_snooper_v1_0_S00_AXI_inst/axi_awaddr_reg[7] ) is unused and will be removed from module axim_snooper_v1_0.
WARNING: [Synth 8-3332] Sequential element (\axim_snooper_v1_0_S00_AXI_inst/axi_awaddr_reg[6] ) is unused and will be removed from module axim_snooper_v1_0.
WARNING: [Synth 8-3332] Sequential element (\axim_snooper_v1_0_S00_AXI_inst/axi_awaddr_reg[5] ) is unused and will be removed from module axim_snooper_v1_0.
WARNING: [Synth 8-3332] Sequential element (\axim_snooper_v1_0_S00_AXI_inst/axi_awaddr_reg[4] ) is unused and will be removed from module axim_snooper_v1_0.
WARNING: [Synth 8-3332] Sequential element (\axim_snooper_v1_0_S00_AXI_inst/axi_awaddr_reg[1] ) is unused and will be removed from module axim_snooper_v1_0.
WARNING: [Synth 8-3332] Sequential element (\axim_snooper_v1_0_S00_AXI_inst/axi_awaddr_reg[0] ) is unused and will be removed from module axim_snooper_v1_0.
WARNING: [Synth 8-3332] Sequential element (\axim_snooper_v1_0_S00_AXI_inst/axi_araddr_reg[31] ) is unused and will be removed from module axim_snooper_v1_0.
WARNING: [Synth 8-3332] Sequential element (\axim_snooper_v1_0_S00_AXI_inst/axi_araddr_reg[30] ) is unused and will be removed from module axim_snooper_v1_0.
WARNING: [Synth 8-3332] Sequential element (\axim_snooper_v1_0_S00_AXI_inst/axi_araddr_reg[29] ) is unused and will be removed from module axim_snooper_v1_0.
WARNING: [Synth 8-3332] Sequential element (\axim_snooper_v1_0_S00_AXI_inst/axi_araddr_reg[28] ) is unused and will be removed from module axim_snooper_v1_0.
WARNING: [Synth 8-3332] Sequential element (\axim_snooper_v1_0_S00_AXI_inst/axi_araddr_reg[27] ) is unused and will be removed from module axim_snooper_v1_0.
WARNING: [Synth 8-3332] Sequential element (\axim_snooper_v1_0_S00_AXI_inst/axi_araddr_reg[26] ) is unused and will be removed from module axim_snooper_v1_0.
WARNING: [Synth 8-3332] Sequential element (\axim_snooper_v1_0_S00_AXI_inst/axi_araddr_reg[25] ) is unused and will be removed from module axim_snooper_v1_0.
WARNING: [Synth 8-3332] Sequential element (\axim_snooper_v1_0_S00_AXI_inst/axi_araddr_reg[24] ) is unused and will be removed from module axim_snooper_v1_0.
WARNING: [Synth 8-3332] Sequential element (\axim_snooper_v1_0_S00_AXI_inst/axi_araddr_reg[23] ) is unused and will be removed from module axim_snooper_v1_0.
WARNING: [Synth 8-3332] Sequential element (\axim_snooper_v1_0_S00_AXI_inst/axi_araddr_reg[22] ) is unused and will be removed from module axim_snooper_v1_0.
WARNING: [Synth 8-3332] Sequential element (\axim_snooper_v1_0_S00_AXI_inst/axi_araddr_reg[21] ) is unused and will be removed from module axim_snooper_v1_0.
WARNING: [Synth 8-3332] Sequential element (\axim_snooper_v1_0_S00_AXI_inst/axi_araddr_reg[20] ) is unused and will be removed from module axim_snooper_v1_0.
WARNING: [Synth 8-3332] Sequential element (\axim_snooper_v1_0_S00_AXI_inst/axi_araddr_reg[19] ) is unused and will be removed from module axim_snooper_v1_0.
WARNING: [Synth 8-3332] Sequential element (\axim_snooper_v1_0_S00_AXI_inst/axi_araddr_reg[18] ) is unused and will be removed from module axim_snooper_v1_0.
WARNING: [Synth 8-3332] Sequential element (\axim_snooper_v1_0_S00_AXI_inst/axi_araddr_reg[17] ) is unused and will be removed from module axim_snooper_v1_0.
WARNING: [Synth 8-3332] Sequential element (\axim_snooper_v1_0_S00_AXI_inst/axi_araddr_reg[16] ) is unused and will be removed from module axim_snooper_v1_0.
WARNING: [Synth 8-3332] Sequential element (\axim_snooper_v1_0_S00_AXI_inst/axi_araddr_reg[15] ) is unused and will be removed from module axim_snooper_v1_0.
WARNING: [Synth 8-3332] Sequential element (\axim_snooper_v1_0_S00_AXI_inst/axi_araddr_reg[14] ) is unused and will be removed from module axim_snooper_v1_0.
WARNING: [Synth 8-3332] Sequential element (\axim_snooper_v1_0_S00_AXI_inst/axi_araddr_reg[13] ) is unused and will be removed from module axim_snooper_v1_0.
WARNING: [Synth 8-3332] Sequential element (\axim_snooper_v1_0_S00_AXI_inst/axi_araddr_reg[12] ) is unused and will be removed from module axim_snooper_v1_0.
WARNING: [Synth 8-3332] Sequential element (\axim_snooper_v1_0_S00_AXI_inst/axi_araddr_reg[11] ) is unused and will be removed from module axim_snooper_v1_0.
WARNING: [Synth 8-3332] Sequential element (\axim_snooper_v1_0_S00_AXI_inst/axi_araddr_reg[10] ) is unused and will be removed from module axim_snooper_v1_0.
WARNING: [Synth 8-3332] Sequential element (\axim_snooper_v1_0_S00_AXI_inst/axi_araddr_reg[9] ) is unused and will be removed from module axim_snooper_v1_0.
WARNING: [Synth 8-3332] Sequential element (\axim_snooper_v1_0_S00_AXI_inst/axi_araddr_reg[8] ) is unused and will be removed from module axim_snooper_v1_0.
WARNING: [Synth 8-3332] Sequential element (\axim_snooper_v1_0_S00_AXI_inst/axi_araddr_reg[7] ) is unused and will be removed from module axim_snooper_v1_0.
WARNING: [Synth 8-3332] Sequential element (\axim_snooper_v1_0_S00_AXI_inst/axi_araddr_reg[6] ) is unused and will be removed from module axim_snooper_v1_0.
WARNING: [Synth 8-3332] Sequential element (\axim_snooper_v1_0_S00_AXI_inst/axi_araddr_reg[5] ) is unused and will be removed from module axim_snooper_v1_0.
WARNING: [Synth 8-3332] Sequential element (\axim_snooper_v1_0_S00_AXI_inst/axi_araddr_reg[4] ) is unused and will be removed from module axim_snooper_v1_0.
WARNING: [Synth 8-3332] Sequential element (\axim_snooper_v1_0_S00_AXI_inst/axi_araddr_reg[1] ) is unused and will be removed from module axim_snooper_v1_0.
WARNING: [Synth 8-3332] Sequential element (\axim_snooper_v1_0_S00_AXI_inst/axi_araddr_reg[0] ) is unused and will be removed from module axim_snooper_v1_0.
WARNING: [Synth 8-3332] Sequential element (\axim_snooper_v1_0_S00_AXI_inst/axi_awaddr_reg[31] ) is unused and will be removed from module axim_snooper_v1_0.
WARNING: [Synth 8-3332] Sequential element (\axim_snooper_v1_0_S00_AXI_inst/axi_awaddr_reg[30] ) is unused and will be removed from module axim_snooper_v1_0.
WARNING: [Synth 8-3332] Sequential element (\axim_snooper_v1_0_S00_AXI_inst/axi_awaddr_reg[29] ) is unused and will be removed from module axim_snooper_v1_0.
WARNING: [Synth 8-3332] Sequential element (\axim_snooper_v1_0_S00_AXI_inst/axi_awaddr_reg[28] ) is unused and will be removed from module axim_snooper_v1_0.
WARNING: [Synth 8-3332] Sequential element (\axim_snooper_v1_0_S00_AXI_inst/axi_awaddr_reg[27] ) is unused and will be removed from module axim_snooper_v1_0.
WARNING: [Synth 8-3332] Sequential element (\axim_snooper_v1_0_S00_AXI_inst/axi_awaddr_reg[26] ) is unused and will be removed from module axim_snooper_v1_0.
WARNING: [Synth 8-3332] Sequential element (\axim_snooper_v1_0_S00_AXI_inst/axi_awaddr_reg[25] ) is unused and will be removed from module axim_snooper_v1_0.
WARNING: [Synth 8-3332] Sequential element (\axim_snooper_v1_0_S00_AXI_inst/axi_awaddr_reg[24] ) is unused and will be removed from module axim_snooper_v1_0.
WARNING: [Synth 8-3332] Sequential element (\axim_snooper_v1_0_S00_AXI_inst/axi_awaddr_reg[23] ) is unused and will be removed from module axim_snooper_v1_0.
WARNING: [Synth 8-3332] Sequential element (\axim_snooper_v1_0_S00_AXI_inst/axi_awaddr_reg[22] ) is unused and will be removed from module axim_snooper_v1_0.
WARNING: [Synth 8-3332] Sequential element (\axim_snooper_v1_0_S00_AXI_inst/axi_awaddr_reg[21] ) is unused and will be removed from module axim_snooper_v1_0.
WARNING: [Synth 8-3332] Sequential element (\axim_snooper_v1_0_S00_AXI_inst/axi_awaddr_reg[20] ) is unused and will be removed from module axim_snooper_v1_0.
WARNING: [Synth 8-3332] Sequential element (\axim_snooper_v1_0_S00_AXI_inst/axi_awaddr_reg[19] ) is unused and will be removed from module axim_snooper_v1_0.
WARNING: [Synth 8-3332] Sequential element (\axim_snooper_v1_0_S00_AXI_inst/axi_awaddr_reg[18] ) is unused and will be removed from module axim_snooper_v1_0.
WARNING: [Synth 8-3332] Sequential element (\axim_snooper_v1_0_S00_AXI_inst/axi_awaddr_reg[17] ) is unused and will be removed from module axim_snooper_v1_0.
WARNING: [Synth 8-3332] Sequential element (\axim_snooper_v1_0_S00_AXI_inst/axi_awaddr_reg[16] ) is unused and will be removed from module axim_snooper_v1_0.
WARNING: [Synth 8-3332] Sequential element (\axim_snooper_v1_0_S00_AXI_inst/axi_awaddr_reg[15] ) is unused and will be removed from module axim_snooper_v1_0.
WARNING: [Synth 8-3332] Sequential element (\axim_snooper_v1_0_S00_AXI_inst/axi_awaddr_reg[14] ) is unused and will be removed from module axim_snooper_v1_0.
WARNING: [Synth 8-3332] Sequential element (\axim_snooper_v1_0_S00_AXI_inst/axi_awaddr_reg[13] ) is unused and will be removed from module axim_snooper_v1_0.
WARNING: [Synth 8-3332] Sequential element (\axim_snooper_v1_0_S00_AXI_inst/axi_awaddr_reg[12] ) is unused and will be removed from module axim_snooper_v1_0.
WARNING: [Synth 8-3332] Sequential element (\axim_snooper_v1_0_S00_AXI_inst/axi_awaddr_reg[11] ) is unused and will be removed from module axim_snooper_v1_0.
WARNING: [Synth 8-3332] Sequential element (\axim_snooper_v1_0_S00_AXI_inst/axi_awaddr_reg[10] ) is unused and will be removed from module axim_snooper_v1_0.
WARNING: [Synth 8-3332] Sequential element (\axim_snooper_v1_0_S00_AXI_inst/axi_awaddr_reg[9] ) is unused and will be removed from module axim_snooper_v1_0.
WARNING: [Synth 8-3332] Sequential element (\axim_snooper_v1_0_S00_AXI_inst/axi_awaddr_reg[8] ) is unused and will be removed from module axim_snooper_v1_0.
WARNING: [Synth 8-3332] Sequential element (\axim_snooper_v1_0_S00_AXI_inst/axi_awaddr_reg[7] ) is unused and will be removed from module axim_snooper_v1_0.
WARNING: [Synth 8-3332] Sequential element (\axim_snooper_v1_0_S00_AXI_inst/axi_awaddr_reg[6] ) is unused and will be removed from module axim_snooper_v1_0.
WARNING: [Synth 8-3332] Sequential element (\axim_snooper_v1_0_S00_AXI_inst/axi_awaddr_reg[5] ) is unused and will be removed from module axim_snooper_v1_0.
WARNING: [Synth 8-3332] Sequential element (\axim_snooper_v1_0_S00_AXI_inst/axi_awaddr_reg[4] ) is unused and will be removed from module axim_snooper_v1_0.
WARNING: [Synth 8-3332] Sequential element (\axim_snooper_v1_0_S00_AXI_inst/axi_awaddr_reg[1] ) is unused and will be removed from module axim_snooper_v1_0.
WARNING: [Synth 8-3332] Sequential element (\axim_snooper_v1_0_S00_AXI_inst/axi_awaddr_reg[0] ) is unused and will be removed from module axim_snooper_v1_0.
WARNING: [Synth 8-3332] Sequential element (\axim_snooper_v1_0_S00_AXI_inst/axi_araddr_reg[31] ) is unused and will be removed from module axim_snooper_v1_0.
WARNING: [Synth 8-3332] Sequential element (\axim_snooper_v1_0_S00_AXI_inst/axi_araddr_reg[30] ) is unused and will be removed from module axim_snooper_v1_0.
WARNING: [Synth 8-3332] Sequential element (\axim_snooper_v1_0_S00_AXI_inst/axi_araddr_reg[29] ) is unused and will be removed from module axim_snooper_v1_0.
WARNING: [Synth 8-3332] Sequential element (\axim_snooper_v1_0_S00_AXI_inst/axi_araddr_reg[28] ) is unused and will be removed from module axim_snooper_v1_0.
WARNING: [Synth 8-3332] Sequential element (\axim_snooper_v1_0_S00_AXI_inst/axi_araddr_reg[27] ) is unused and will be removed from module axim_snooper_v1_0.
WARNING: [Synth 8-3332] Sequential element (\axim_snooper_v1_0_S00_AXI_inst/axi_araddr_reg[26] ) is unused and will be removed from module axim_snooper_v1_0.
WARNING: [Synth 8-3332] Sequential element (\axim_snooper_v1_0_S00_AXI_inst/axi_araddr_reg[25] ) is unused and will be removed from module axim_snooper_v1_0.
WARNING: [Synth 8-3332] Sequential element (\axim_snooper_v1_0_S00_AXI_inst/axi_araddr_reg[24] ) is unused and will be removed from module axim_snooper_v1_0.
WARNING: [Synth 8-3332] Sequential element (\axim_snooper_v1_0_S00_AXI_inst/axi_araddr_reg[23] ) is unused and will be removed from module axim_snooper_v1_0.
WARNING: [Synth 8-3332] Sequential element (\axim_snooper_v1_0_S00_AXI_inst/axi_araddr_reg[22] ) is unused and will be removed from module axim_snooper_v1_0.
INFO: [Common 17-14] Message 'Synth 8-3332' appears 100 times and further instances of the messages will be disabled. Use the Tcl command set_msg_config to change the current settings.
WARNING: [Synth 8-3331] design axim_snooper_v1_0 has unconnected port m00_axi_error
WARNING: [Synth 8-3331] design axim_snooper_v1_0 has unconnected port m00_axi_txn_done
WARNING: [Synth 8-3331] design axim_snooper_v1_0 has unconnected port s01_axi_aclk
WARNING: [Synth 8-3331] design axim_snooper_v1_0 has unconnected port s01_axi_aresetn
WARNING: [Synth 8-3331] design axim_snooper_v1_0 has unconnected port m00_axi_init_axi_txn
WARNING: [Synth 8-3331] design axim_snooper_v1_0 has unconnected port m00_axi_aclk
WARNING: [Synth 8-3331] design axim_snooper_v1_0 has unconnected port m00_axi_aresetn
WARNING: [Synth 8-3331] design axim_snooper_v1_0 has unconnected port s00_axi_awaddr[31]
WARNING: [Synth 8-3331] design axim_snooper_v1_0 has unconnected port s00_axi_awaddr[30]
WARNING: [Synth 8-3331] design axim_snooper_v1_0 has unconnected port s00_axi_awaddr[29]
WARNING: [Synth 8-3331] design axim_snooper_v1_0 has unconnected port s00_axi_awaddr[28]
WARNING: [Synth 8-3331] design axim_snooper_v1_0 has unconnected port s00_axi_awaddr[27]
WARNING: [Synth 8-3331] design axim_snooper_v1_0 has unconnected port s00_axi_awaddr[26]
WARNING: [Synth 8-3331] design axim_snooper_v1_0 has unconnected port s00_axi_awaddr[25]
WARNING: [Synth 8-3331] design axim_snooper_v1_0 has unconnected port s00_axi_awaddr[24]
WARNING: [Synth 8-3331] design axim_snooper_v1_0 has unconnected port s00_axi_awaddr[23]
WARNING: [Synth 8-3331] design axim_snooper_v1_0 has unconnected port s00_axi_awaddr[22]
WARNING: [Synth 8-3331] design axim_snooper_v1_0 has unconnected port s00_axi_awaddr[21]
WARNING: [Synth 8-3331] design axim_snooper_v1_0 has unconnected port s00_axi_awaddr[20]
WARNING: [Synth 8-3331] design axim_snooper_v1_0 has unconnected port s00_axi_awaddr[19]
WARNING: [Synth 8-3331] design axim_snooper_v1_0 has unconnected port s00_axi_awaddr[18]
WARNING: [Synth 8-3331] design axim_snooper_v1_0 has unconnected port s00_axi_awaddr[17]
WARNING: [Synth 8-3331] design axim_snooper_v1_0 has unconnected port s00_axi_awaddr[16]
WARNING: [Synth 8-3331] design axim_snooper_v1_0 has unconnected port s00_axi_awaddr[15]
WARNING: [Synth 8-3331] design axim_snooper_v1_0 has unconnected port s00_axi_awaddr[14]
WARNING: [Synth 8-3331] design axim_snooper_v1_0 has unconnected port s00_axi_awaddr[13]
WARNING: [Synth 8-3331] design axim_snooper_v1_0 has unconnected port s00_axi_awaddr[12]
WARNING: [Synth 8-3331] design axim_snooper_v1_0 has unconnected port s00_axi_awaddr[11]
WARNING: [Synth 8-3331] design axim_snooper_v1_0 has unconnected port s00_axi_awaddr[10]
WARNING: [Synth 8-3331] design axim_snooper_v1_0 has unconnected port s00_axi_awaddr[9]
WARNING: [Synth 8-3331] design axim_snooper_v1_0 has unconnected port s00_axi_awaddr[8]
WARNING: [Synth 8-3331] design axim_snooper_v1_0 has unconnected port s00_axi_awaddr[7]
WARNING: [Synth 8-3331] design axim_snooper_v1_0 has unconnected port s00_axi_awaddr[6]
WARNING: [Synth 8-3331] design axim_snooper_v1_0 has unconnected port s00_axi_awaddr[5]
WARNING: [Synth 8-3331] design axim_snooper_v1_0 has unconnected port s00_axi_awaddr[4]
WARNING: [Synth 8-3331] design axim_snooper_v1_0 has unconnected port s00_axi_awaddr[1]
WARNING: [Synth 8-3331] design axim_snooper_v1_0 has unconnected port s00_axi_awaddr[0]
WARNING: [Synth 8-3331] design axim_snooper_v1_0 has unconnected port s00_axi_awprot[2]
WARNING: [Synth 8-3331] design axim_snooper_v1_0 has unconnected port s00_axi_awprot[1]
WARNING: [Synth 8-3331] design axim_snooper_v1_0 has unconnected port s00_axi_awprot[0]
WARNING: [Synth 8-3331] design axim_snooper_v1_0 has unconnected port s00_axi_araddr[31]
WARNING: [Synth 8-3331] design axim_snooper_v1_0 has unconnected port s00_axi_araddr[30]
WARNING: [Synth 8-3331] design axim_snooper_v1_0 has unconnected port s00_axi_araddr[29]
WARNING: [Synth 8-3331] design axim_snooper_v1_0 has unconnected port s00_axi_araddr[28]
WARNING: [Synth 8-3331] design axim_snooper_v1_0 has unconnected port s00_axi_araddr[27]
WARNING: [Synth 8-3331] design axim_snooper_v1_0 has unconnected port s00_axi_araddr[26]
WARNING: [Synth 8-3331] design axim_snooper_v1_0 has unconnected port s00_axi_araddr[25]
WARNING: [Synth 8-3331] design axim_snooper_v1_0 has unconnected port s00_axi_araddr[24]
WARNING: [Synth 8-3331] design axim_snooper_v1_0 has unconnected port s00_axi_araddr[23]
WARNING: [Synth 8-3331] design axim_snooper_v1_0 has unconnected port s00_axi_araddr[22]
WARNING: [Synth 8-3331] design axim_snooper_v1_0 has unconnected port s00_axi_araddr[21]
WARNING: [Synth 8-3331] design axim_snooper_v1_0 has unconnected port s00_axi_araddr[20]
WARNING: [Synth 8-3331] design axim_snooper_v1_0 has unconnected port s00_axi_araddr[19]
WARNING: [Synth 8-3331] design axim_snooper_v1_0 has unconnected port s00_axi_araddr[18]
WARNING: [Synth 8-3331] design axim_snooper_v1_0 has unconnected port s00_axi_araddr[17]
WARNING: [Synth 8-3331] design axim_snooper_v1_0 has unconnected port s00_axi_araddr[16]
WARNING: [Synth 8-3331] design axim_snooper_v1_0 has unconnected port s00_axi_araddr[15]
WARNING: [Synth 8-3331] design axim_snooper_v1_0 has unconnected port s00_axi_araddr[14]
WARNING: [Synth 8-3331] design axim_snooper_v1_0 has unconnected port s00_axi_araddr[13]
WARNING: [Synth 8-3331] design axim_snooper_v1_0 has unconnected port s00_axi_araddr[12]
WARNING: [Synth 8-3331] design axim_snooper_v1_0 has unconnected port s00_axi_araddr[11]
WARNING: [Synth 8-3331] design axim_snooper_v1_0 has unconnected port s00_axi_araddr[10]
WARNING: [Synth 8-3331] design axim_snooper_v1_0 has unconnected port s00_axi_araddr[9]
WARNING: [Synth 8-3331] design axim_snooper_v1_0 has unconnected port s00_axi_araddr[8]
WARNING: [Synth 8-3331] design axim_snooper_v1_0 has unconnected port s00_axi_araddr[7]
WARNING: [Synth 8-3331] design axim_snooper_v1_0 has unconnected port s00_axi_araddr[6]
WARNING: [Synth 8-3331] design axim_snooper_v1_0 has unconnected port s00_axi_araddr[5]
WARNING: [Synth 8-3331] design axim_snooper_v1_0 has unconnected port s00_axi_araddr[4]
WARNING: [Synth 8-3331] design axim_snooper_v1_0 has unconnected port s00_axi_araddr[1]
WARNING: [Synth 8-3331] design axim_snooper_v1_0 has unconnected port s00_axi_araddr[0]
WARNING: [Synth 8-3331] design axim_snooper_v1_0 has unconnected port s00_axi_arprot[2]
WARNING: [Synth 8-3331] design axim_snooper_v1_0 has unconnected port s00_axi_arprot[1]
WARNING: [Synth 8-3331] design axim_snooper_v1_0 has unconnected port s00_axi_arprot[0]
---------------------------------------------------------------------------------
<<<<<<< HEAD
Finished Cross Boundary Optimization : Time (s): cpu = 00:00:13 ; elapsed = 00:00:15 . Memory (MB): peak = 1099.059 ; gain = 478.844
=======
Finished Cross Boundary Optimization : Time (s): cpu = 00:00:22 ; elapsed = 00:00:23 . Memory (MB): peak = 1108.102 ; gain = 478.844
>>>>>>> a848978898c7905b8ca4f9a54e2c368b97c615b1
---------------------------------------------------------------------------------

---------------------------------------------------------------------------------
Start RAM, DSP and Shift Register Reporting
---------------------------------------------------------------------------------
---------------------------------------------------------------------------------
Finished RAM, DSP and Shift Register Reporting
---------------------------------------------------------------------------------

---------------------------------------------------------------------------------
Start Area Optimization
---------------------------------------------------------------------------------
No constraint files found.
---------------------------------------------------------------------------------
<<<<<<< HEAD
Finished Area Optimization : Time (s): cpu = 00:00:13 ; elapsed = 00:00:15 . Memory (MB): peak = 1124.098 ; gain = 503.883
=======
Finished Area Optimization : Time (s): cpu = 00:00:22 ; elapsed = 00:00:24 . Memory (MB): peak = 1132.148 ; gain = 502.891
>>>>>>> a848978898c7905b8ca4f9a54e2c368b97c615b1
---------------------------------------------------------------------------------


---------------------------------------------------------------------------------
Start Timing Optimization
---------------------------------------------------------------------------------
No constraint files found.
---------------------------------------------------------------------------------
<<<<<<< HEAD
Finished Timing Optimization : Time (s): cpu = 00:00:13 ; elapsed = 00:00:15 . Memory (MB): peak = 1124.098 ; gain = 503.883
=======
Finished Timing Optimization : Time (s): cpu = 00:00:22 ; elapsed = 00:00:24 . Memory (MB): peak = 1132.148 ; gain = 502.891
>>>>>>> a848978898c7905b8ca4f9a54e2c368b97c615b1
---------------------------------------------------------------------------------


---------------------------------------------------------------------------------
Start Technology Mapping
---------------------------------------------------------------------------------
---------------------------------------------------------------------------------
<<<<<<< HEAD
Finished Technology Mapping : Time (s): cpu = 00:00:13 ; elapsed = 00:00:15 . Memory (MB): peak = 1124.098 ; gain = 503.883
=======
Finished Technology Mapping : Time (s): cpu = 00:00:22 ; elapsed = 00:00:24 . Memory (MB): peak = 1132.148 ; gain = 502.891
>>>>>>> a848978898c7905b8ca4f9a54e2c368b97c615b1
---------------------------------------------------------------------------------


---------------------------------------------------------------------------------
Start IO Insertion
---------------------------------------------------------------------------------

---------------------------------------------------------------------------------
Start Flattening Before IO Insertion
---------------------------------------------------------------------------------

---------------------------------------------------------------------------------
Finished Flattening Before IO Insertion
---------------------------------------------------------------------------------

---------------------------------------------------------------------------------
Start Final Netlist Cleanup
---------------------------------------------------------------------------------

---------------------------------------------------------------------------------
Finished Final Netlist Cleanup
---------------------------------------------------------------------------------
Gated Clock Conversion mode: off
---------------------------------------------------------------------------------
<<<<<<< HEAD
Finished IO Insertion : Time (s): cpu = 00:00:14 ; elapsed = 00:00:16 . Memory (MB): peak = 1124.098 ; gain = 503.883
=======
Finished IO Insertion : Time (s): cpu = 00:00:23 ; elapsed = 00:00:24 . Memory (MB): peak = 1132.148 ; gain = 502.891
>>>>>>> a848978898c7905b8ca4f9a54e2c368b97c615b1
---------------------------------------------------------------------------------


Report Check Netlist: 
+------+------------------+-------+---------+-------+------------------+
|      |Item              |Errors |Warnings |Status |Description       |
+------+------------------+-------+---------+-------+------------------+
|1     |multi_driven_nets |      0|        0|Passed |Multi driven nets |
+------+------------------+-------+---------+-------+------------------+

---------------------------------------------------------------------------------
Start Renaming Generated Instances
---------------------------------------------------------------------------------
---------------------------------------------------------------------------------
<<<<<<< HEAD
Finished Renaming Generated Instances : Time (s): cpu = 00:00:14 ; elapsed = 00:00:16 . Memory (MB): peak = 1124.098 ; gain = 503.883
=======
Finished Renaming Generated Instances : Time (s): cpu = 00:00:23 ; elapsed = 00:00:24 . Memory (MB): peak = 1132.148 ; gain = 502.891
>>>>>>> a848978898c7905b8ca4f9a54e2c368b97c615b1
---------------------------------------------------------------------------------


---------------------------------------------------------------------------------
Start Rebuilding User Hierarchy
---------------------------------------------------------------------------------
---------------------------------------------------------------------------------
<<<<<<< HEAD
Finished Rebuilding User Hierarchy : Time (s): cpu = 00:00:14 ; elapsed = 00:00:16 . Memory (MB): peak = 1124.098 ; gain = 503.883
=======
Finished Rebuilding User Hierarchy : Time (s): cpu = 00:00:23 ; elapsed = 00:00:24 . Memory (MB): peak = 1132.148 ; gain = 502.891
>>>>>>> a848978898c7905b8ca4f9a54e2c368b97c615b1
---------------------------------------------------------------------------------

---------------------------------------------------------------------------------
Start RAM, DSP and Shift Register Reporting
---------------------------------------------------------------------------------
---------------------------------------------------------------------------------
Finished RAM, DSP and Shift Register Reporting
---------------------------------------------------------------------------------

---------------------------------------------------------------------------------
Start Writing Synthesis Report
---------------------------------------------------------------------------------

Report BlackBoxes: 
+-+--------------+----------+
| |BlackBox name |Instances |
+-+--------------+----------+
+-+--------------+----------+

Report Cell Usage: 
+------+-------+------+
|      |Cell   |Count |
+------+-------+------+
|1     |BUFG   |     1|
|2     |CARRY4 |    18|
|3     |LUT1   |    65|
|4     |LUT2   |     4|
|5     |LUT3   |     3|
|6     |LUT4   |     6|
|7     |LUT5   |    12|
|8     |LUT6   |    96|
|9     |FDRE   |   231|
|10    |FDSE   |     2|
<<<<<<< HEAD
|11    |IBUF   |   199|
|12    |OBUF   |   193|
|13    |OBUFT  |     2|
=======
|11    |IBUF   |   113|
|12    |OBUF   |   107|
>>>>>>> a848978898c7905b8ca4f9a54e2c368b97c615b1
+------+-------+------+

Report Instance Areas: 
+------+---------------------------------+------------------------------------------+------+
|      |Instance                         |Module                                    |Cells |
+------+---------------------------------+------------------------------------------+------+
<<<<<<< HEAD
|1     |top                              |                                          |   832|
|2     |  axim_snooper_v1_0_S00_AXI_inst |axim_snooper_v1_0_S00_AXI__parameterized0 |   437|
+------+---------------------------------+------------------------------------------+------+
---------------------------------------------------------------------------------
Finished Writing Synthesis Report : Time (s): cpu = 00:00:14 ; elapsed = 00:00:16 . Memory (MB): peak = 1124.098 ; gain = 503.883
---------------------------------------------------------------------------------

Synthesis finished with 0 errors, 0 critical warnings and 208 warnings.
Synthesis Optimization Complete : Time (s): cpu = 00:00:14 ; elapsed = 00:00:16 . Memory (MB): peak = 1124.098 ; gain = 503.883
INFO: [Netlist 29-17] Analyzing 199 Unisim elements for replacement
=======
|1     |top                              |                                          |   658|
|2     |  axim_snooper_v1_0_S00_AXI_inst |axim_snooper_v1_0_S00_AXI__parameterized0 |   437|
+------+---------------------------------+------------------------------------------+------+
---------------------------------------------------------------------------------
Finished Writing Synthesis Report : Time (s): cpu = 00:00:23 ; elapsed = 00:00:24 . Memory (MB): peak = 1132.148 ; gain = 502.891
---------------------------------------------------------------------------------

Synthesis finished with 0 errors, 0 critical warnings and 22 warnings.
Synthesis Optimization Complete : Time (s): cpu = 00:00:23 ; elapsed = 00:00:24 . Memory (MB): peak = 1132.148 ; gain = 502.891
INFO: [Netlist 29-17] Analyzing 113 Unisim elements for replacement
>>>>>>> a848978898c7905b8ca4f9a54e2c368b97c615b1
INFO: [Netlist 29-28] Unisim Transformation completed in 0 CPU seconds
INFO: [Opt 31-140] Inserted 0 IBUFs to IO ports without IO buffers.
INFO: [Opt 31-141] Inserted 0 OBUFs to IO ports without IO buffers.
INFO: [Opt 31-138] Pushed 0 inverter(s).
INFO: [Memdata 28-144] Successfully populated the BRAM INIT strings from the following elf files: 
INFO: [Project 1-111] Unisim Transformation Summary:
No Unisim elements were transformed.

INFO: [Common 17-83] Releasing license: Synthesis
16 Infos, 184 Warnings, 0 Critical Warnings and 0 Errors encountered.
synth_design completed successfully
<<<<<<< HEAD
synth_design: Time (s): cpu = 00:00:20 ; elapsed = 00:00:23 . Memory (MB): peak = 1478.574 ; gain = 762.965
# write_checkpoint axim_snooper_v1_0.dcp
INFO: [Timing 38-35] Done setting XDC timing constraints.
# report_utilization -file axim_snooper_v1_0_utilization_synth.rpt -pb axim_snooper_v1_0_utilization_synth.pb
report_utilization: Time (s): cpu = 00:00:00.11 ; elapsed = 00:00:00.15 . Memory (MB): peak = 1482.598 ; gain = 2.012
INFO: [Common 17-206] Exiting Vivado at Wed Jul 16 18:41:12 2014...
=======
synth_design: Time (s): cpu = 00:00:33 ; elapsed = 00:00:34 . Memory (MB): peak = 1485.625 ; gain = 759.977
# write_checkpoint axim_snooper_v1_0.dcp
INFO: [Timing 38-35] Done setting XDC timing constraints.
# report_utilization -file axim_snooper_v1_0_utilization_synth.rpt -pb axim_snooper_v1_0_utilization_synth.pb
report_utilization: Time (s): cpu = 00:00:00.64 ; elapsed = 00:00:00.77 . Memory (MB): peak = 1489.648 ; gain = 2.012
INFO: [Common 17-206] Exiting Vivado at Wed Jun 18 22:00:24 2014...
>>>>>>> a848978898c7905b8ca4f9a54e2c368b97c615b1
